(---------------------------------------------------------------------)
(                                                                     )
(    Allegro Netrev Import Logic                                      )
(                                                                     )
(    Drawing          : gps_breakout.brd                              )
(    Software Version : 17.2S067                                      )
(    Date/Time        : Mon Oct 05 01:06:09 2020                      )
(                                                                     )
(---------------------------------------------------------------------)


------ Directives ------------

Ripup etch:                  No
Ripup delete first segment:  No
Ripup retain bondwire:       No
Ripup symbols:               Always
Missing symbol has error:    No
DRC update:                  Yes
Schematic directory:         'C:\USERS\ETHAN\PROJECTS\EMBEDDED\BIKEADDON\HARDWARE\allegro'
Design Directory:            'C:/Users/Ethan/Projects/Embedded/BikeAddon/Hardware/layout'
Old design name:             'C:/Users/Ethan/Projects/Embedded/BikeAddon/Hardware/layout/gps_breakout.brd'
New design name:             'C:/Users/Ethan/Projects/Embedded/BikeAddon/Hardware/layout/gps_breakout.brd'

CmdLine: netrev.exe -y 1 -i C:\USERS\ETHAN\PROJECTS\EMBEDDED\BIKEADDON\HARDWARE\allegro C:\Users\Ethan\Projects\Embedded\BikeAddon\Hardware\layout\gps_breakout.brd C:\Users\Ethan\Projects\Embedded\BikeAddon\Hardware\layout\gps_breakout.brd

------ Preparing to read pst files ------

Starting to read C:/USERS/ETHAN/PROJECTS/EMBEDDED/BIKEADDON/HARDWARE/allegro/pstchip.dat 
   Finished reading C:/USERS/ETHAN/PROJECTS/EMBEDDED/BIKEADDON/HARDWARE/allegro/pstchip.dat (00:00:00.02)
Starting to read C:/USERS/ETHAN/PROJECTS/EMBEDDED/BIKEADDON/HARDWARE/allegro/pstxprt.dat 
   Finished reading C:/USERS/ETHAN/PROJECTS/EMBEDDED/BIKEADDON/HARDWARE/allegro/pstxprt.dat (00:00:00.00)
Starting to read C:/USERS/ETHAN/PROJECTS/EMBEDDED/BIKEADDON/HARDWARE/allegro/pstxnet.dat 
   Finished reading C:/USERS/ETHAN/PROJECTS/EMBEDDED/BIKEADDON/HARDWARE/allegro/pstxnet.dat (00:00:00.00)

------ Oversights/Warnings/Errors ------


------ Library Paths ------
MODULEPATH =  . 
           c:/cadence/spb_17.2/share/local/pcb/modules 

PSMPATH =  . 
           symbols 
           .. 
           ../symbols 
           c:/cadence/spb_17.2/share/local/pcb/symbols 
           c:/cadence/spb_17.2/share/pcb/pcb_lib/symbols 
           c:/cadence/spb_17.2/share/pcb/allegrolib/symbols 
           C:/Users/Ethan/Projects/MSD-Lower-Extremity-Weight-Bearing-Monitor-Orthotic/electronics/custom_parts/layout 
           C:/Users/Ethan/Projects/Embedded/BikeAddon/Hardware/custom/ 
           C:/Users/Ethan/Projects/Embedded/BikeAddon/Hardware/imported/ 

PADPATH =  . 
           symbols 
           .. 
           ../symbols 
           c:/cadence/spb_17.2/share/local/pcb/padstacks 
           c:/cadence/spb_17.2/share/pcb/pcb_lib/symbols 
           c:/cadence/spb_17.2/share/pcb/allegrolib/symbols 
           C:/Users/Ethan/Projects/MSD-Lower-Extremity-Weight-Bearing-Monitor-Orthotic/electronics/custom_parts/layout 
           C:/Users/Ethan/Projects/Embedded/BikeAddon/Hardware/custom/ 
           C:/Users/Ethan/Projects/Embedded/BikeAddon/Hardware/imported/ 


------ Summary Statistics ------


netrev run on Oct 5 1:06:09 2020
   DESIGN NAME : 'BIKE_ADDONS'
   PACKAGING ON Apr 26 2020 05:36:08

   COMPILE 'logic'
   CHECK_PIN_NAMES OFF
   CROSS_REFERENCE OFF
   FEEDBACK OFF
   INCREMENTAL OFF
   INTERFACE_TYPE PHYSICAL
   MAX_ERRORS 500
   MERGE_MINIMUM 5
   NET_NAME_CHARS '#%&()*+-./:=>?@[]^_`|'
   NET_NAME_LENGTH 24
   OVERSIGHTS ON
   REPLACE_CHECK OFF
   SINGLE_NODE_NETS ON
   SPLIT_MINIMUM 0
   SUPPRESS   20
   WARNINGS ON

 No error detected
 No oversight detected
 No warning detected

cpu time      0:00:31
elapsed time  0:00:00

